<?xml version="1.0" encoding="UTF-8"?>
<!-- Generated by org.testng.reporters.JUnitReportReporter -->
<testsuite hostname="DESKTOP-770O1EP" failures="0" tests="1" name="sample.MavenDemoTest" time="0.086" errors="0" timestamp="2022-11-18T12:27:13 IST" skipped="0">
  <testcase classname="sample.MavenDemoTest" name="Demo" time="0.086"/>
  <system-out/>
</testsuite> <!-- sample.MavenDemoTest -->
