<?xml version="1.0" encoding="UTF-8"?>
<!-- Generated by org.testng.reporters.JUnitReportReporter -->
<testsuite hostname="DESKTOP-770O1EP" failures="0" tests="1" name="sample.DummyTest" time="0.041" errors="0" timestamp="2022-11-18T12:26:57 IST" skipped="0">
  <testcase classname="sample.DummyTest" name="dummy" time="0.041"/>
  <system-out/>
</testsuite> <!-- sample.DummyTest -->
