<?xml version="1.0" encoding="UTF-8"?>
<testsuite xmlns:xsi="http://www.w3.org/2001/XMLSchema-instance" xsi:noNamespaceSchemaLocation="https://maven.apache.org/surefire/maven-surefire-plugin/xsd/surefire-test-report-3.0.xsd" version="3.0" name="TestSuite" time="62.177" tests="3" errors="0" skipped="0" failures="0">
  <properties>
    <property name="sun.desktop" value="windows"/>
    <property name="awt.toolkit" value="sun.awt.windows.WToolkit"/>
    <property name="file.encoding.pkg" value="sun.io"/>
    <property name="java.specification.version" value="1.8"/>
    <property name="webdriver.chrome.driver" value="./drivers/chromedriver.exe"/>
    <property name="sun.cpu.isalist" value="amd64"/>
    <property name="sun.jnu.encoding" value="Cp1252"/>
    <property name="java.class.path" value="C:\Users\Sanjay\eclipse-workspace\Sample_Maven_Project\target\test-classes;C:\Users\Sanjay\eclipse-workspace\Sample_Maven_Project\target\classes;C:\Users\Sanjay\.m2\repository\org\seleniumhq\selenium\selenium-java\3.7.1\selenium-java-3.7.1.jar;C:\Users\Sanjay\.m2\repository\org\seleniumhq\selenium\selenium-api\3.7.1\selenium-api-3.7.1.jar;C:\Users\Sanjay\.m2\repository\org\seleniumhq\selenium\selenium-chrome-driver\3.7.1\selenium-chrome-driver-3.7.1.jar;C:\Users\Sanjay\.m2\repository\org\seleniumhq\selenium\selenium-edge-driver\3.7.1\selenium-edge-driver-3.7.1.jar;C:\Users\Sanjay\.m2\repository\org\seleniumhq\selenium\selenium-firefox-driver\3.7.1\selenium-firefox-driver-3.7.1.jar;C:\Users\Sanjay\.m2\repository\org\seleniumhq\selenium\selenium-ie-driver\3.7.1\selenium-ie-driver-3.7.1.jar;C:\Users\Sanjay\.m2\repository\org\seleniumhq\selenium\selenium-opera-driver\3.7.1\selenium-opera-driver-3.7.1.jar;C:\Users\Sanjay\.m2\repository\org\seleniumhq\selenium\selenium-remote-driver\3.7.1\selenium-remote-driver-3.7.1.jar;C:\Users\Sanjay\.m2\repository\org\seleniumhq\selenium\selenium-safari-driver\3.7.1\selenium-safari-driver-3.7.1.jar;C:\Users\Sanjay\.m2\repository\org\seleniumhq\selenium\selenium-support\3.7.1\selenium-support-3.7.1.jar;C:\Users\Sanjay\.m2\repository\net\bytebuddy\byte-buddy\1.7.5\byte-buddy-1.7.5.jar;C:\Users\Sanjay\.m2\repository\org\apache\commons\commons-exec\1.3\commons-exec-1.3.jar;C:\Users\Sanjay\.m2\repository\commons-codec\commons-codec\1.10\commons-codec-1.10.jar;C:\Users\Sanjay\.m2\repository\commons-logging\commons-logging\1.2\commons-logging-1.2.jar;C:\Users\Sanjay\.m2\repository\com\google\code\gson\gson\2.8.2\gson-2.8.2.jar;C:\Users\Sanjay\.m2\repository\com\google\guava\guava\23.0\guava-23.0.jar;C:\Users\Sanjay\.m2\repository\com\google\code\findbugs\jsr305\1.3.9\jsr305-1.3.9.jar;C:\Users\Sanjay\.m2\repository\com\google\errorprone\error_prone_annotations\2.0.18\error_prone_annotations-2.0.18.jar;C:\Users\Sanjay\.m2\repository\com\google\j2objc\j2objc-annotations\1.1\j2objc-annotations-1.1.jar;C:\Users\Sanjay\.m2\repository\org\codehaus\mojo\animal-sniffer-annotations\1.14\animal-sniffer-annotations-1.14.jar;C:\Users\Sanjay\.m2\repository\org\apache\httpcomponents\httpclient\4.5.3\httpclient-4.5.3.jar;C:\Users\Sanjay\.m2\repository\org\apache\httpcomponents\httpcore\4.4.6\httpcore-4.4.6.jar;C:\Users\Sanjay\.m2\repository\org\testng\testng\7.1.0\testng-7.1.0.jar;C:\Users\Sanjay\.m2\repository\com\beust\jcommander\1.72\jcommander-1.72.jar;C:\Users\Sanjay\.m2\repository\com\google\inject\guice\4.1.0\guice-4.1.0-no_aop.jar;C:\Users\Sanjay\.m2\repository\javax\inject\javax.inject\1\javax.inject-1.jar;C:\Users\Sanjay\.m2\repository\aopalliance\aopalliance\1.0\aopalliance-1.0.jar;C:\Users\Sanjay\.m2\repository\org\yaml\snakeyaml\1.21\snakeyaml-1.21.jar;"/>
    <property name="java.vm.vendor" value="Oracle Corporation"/>
    <property name="sun.arch.data.model" value="64"/>
    <property name="user.variant" value=""/>
    <property name="java.vendor.url" value="http://java.oracle.com/"/>
    <property name="user.timezone" value="Asia/Calcutta"/>
    <property name="java.vm.specification.version" value="1.8"/>
    <property name="os.name" value="Windows 10"/>
    <property name="user.country" value="US"/>
    <property name="sun.java.launcher" value="SUN_STANDARD"/>
    <property name="sun.boot.library.path" value="C:\Program Files\Java\jre1.8.0_202\bin"/>
    <property name="sun.java.command" value="C:\Users\Sanjay\AppData\Local\Temp\surefire1905814085374881817\surefirebooter-20221118114113737_3.jar C:\Users\Sanjay\AppData\Local\Temp\surefire1905814085374881817 2022-11-18T11-41-08_059-jvmRun1 surefire-20221118114113737_1tmp surefire_0-20221118114113737_2tmp"/>
    <property name="surefire.test.class.path" value="C:\Users\Sanjay\eclipse-workspace\Sample_Maven_Project\target\test-classes;C:\Users\Sanjay\eclipse-workspace\Sample_Maven_Project\target\classes;C:\Users\Sanjay\.m2\repository\org\seleniumhq\selenium\selenium-java\3.7.1\selenium-java-3.7.1.jar;C:\Users\Sanjay\.m2\repository\org\seleniumhq\selenium\selenium-api\3.7.1\selenium-api-3.7.1.jar;C:\Users\Sanjay\.m2\repository\org\seleniumhq\selenium\selenium-chrome-driver\3.7.1\selenium-chrome-driver-3.7.1.jar;C:\Users\Sanjay\.m2\repository\org\seleniumhq\selenium\selenium-edge-driver\3.7.1\selenium-edge-driver-3.7.1.jar;C:\Users\Sanjay\.m2\repository\org\seleniumhq\selenium\selenium-firefox-driver\3.7.1\selenium-firefox-driver-3.7.1.jar;C:\Users\Sanjay\.m2\repository\org\seleniumhq\selenium\selenium-ie-driver\3.7.1\selenium-ie-driver-3.7.1.jar;C:\Users\Sanjay\.m2\repository\org\seleniumhq\selenium\selenium-opera-driver\3.7.1\selenium-opera-driver-3.7.1.jar;C:\Users\Sanjay\.m2\repository\org\seleniumhq\selenium\selenium-remote-driver\3.7.1\selenium-remote-driver-3.7.1.jar;C:\Users\Sanjay\.m2\repository\org\seleniumhq\selenium\selenium-safari-driver\3.7.1\selenium-safari-driver-3.7.1.jar;C:\Users\Sanjay\.m2\repository\org\seleniumhq\selenium\selenium-support\3.7.1\selenium-support-3.7.1.jar;C:\Users\Sanjay\.m2\repository\net\bytebuddy\byte-buddy\1.7.5\byte-buddy-1.7.5.jar;C:\Users\Sanjay\.m2\repository\org\apache\commons\commons-exec\1.3\commons-exec-1.3.jar;C:\Users\Sanjay\.m2\repository\commons-codec\commons-codec\1.10\commons-codec-1.10.jar;C:\Users\Sanjay\.m2\repository\commons-logging\commons-logging\1.2\commons-logging-1.2.jar;C:\Users\Sanjay\.m2\repository\com\google\code\gson\gson\2.8.2\gson-2.8.2.jar;C:\Users\Sanjay\.m2\repository\com\google\guava\guava\23.0\guava-23.0.jar;C:\Users\Sanjay\.m2\repository\com\google\code\findbugs\jsr305\1.3.9\jsr305-1.3.9.jar;C:\Users\Sanjay\.m2\repository\com\google\errorprone\error_prone_annotations\2.0.18\error_prone_annotations-2.0.18.jar;C:\Users\Sanjay\.m2\repository\com\google\j2objc\j2objc-annotations\1.1\j2objc-annotations-1.1.jar;C:\Users\Sanjay\.m2\repository\org\codehaus\mojo\animal-sniffer-annotations\1.14\animal-sniffer-annotations-1.14.jar;C:\Users\Sanjay\.m2\repository\org\apache\httpcomponents\httpclient\4.5.3\httpclient-4.5.3.jar;C:\Users\Sanjay\.m2\repository\org\apache\httpcomponents\httpcore\4.4.6\httpcore-4.4.6.jar;C:\Users\Sanjay\.m2\repository\org\testng\testng\7.1.0\testng-7.1.0.jar;C:\Users\Sanjay\.m2\repository\com\beust\jcommander\1.72\jcommander-1.72.jar;C:\Users\Sanjay\.m2\repository\com\google\inject\guice\4.1.0\guice-4.1.0-no_aop.jar;C:\Users\Sanjay\.m2\repository\javax\inject\javax.inject\1\javax.inject-1.jar;C:\Users\Sanjay\.m2\repository\aopalliance\aopalliance\1.0\aopalliance-1.0.jar;C:\Users\Sanjay\.m2\repository\org\yaml\snakeyaml\1.21\snakeyaml-1.21.jar;"/>
    <property name="sun.cpu.endian" value="little"/>
    <property name="user.home" value="C:\Users\Sanjay"/>
    <property name="user.language" value="en"/>
    <property name="java.specification.vendor" value="Oracle Corporation"/>
    <property name="java.home" value="C:\Program Files\Java\jre1.8.0_202"/>
    <property name="basedir" value="C:\Users\Sanjay\eclipse-workspace\Sample_Maven_Project"/>
    <property name="file.separator" value="\"/>
    <property name="line.separator" value="&#10;"/>
    <property name="java.vm.specification.vendor" value="Oracle Corporation"/>
    <property name="java.specification.name" value="Java Platform API Specification"/>
    <property name="java.awt.graphicsenv" value="sun.awt.Win32GraphicsEnvironment"/>
    <property name="surefire.real.class.path" value="C:\Users\Sanjay\AppData\Local\Temp\surefire1905814085374881817\surefirebooter-20221118114113737_3.jar"/>
    <property name="sun.boot.class.path" value="C:\Program Files\Java\jre1.8.0_202\lib\resources.jar;C:\Program Files\Java\jre1.8.0_202\lib\rt.jar;C:\Program Files\Java\jre1.8.0_202\lib\sunrsasign.jar;C:\Program Files\Java\jre1.8.0_202\lib\jsse.jar;C:\Program Files\Java\jre1.8.0_202\lib\jce.jar;C:\Program Files\Java\jre1.8.0_202\lib\charsets.jar;C:\Program Files\Java\jre1.8.0_202\lib\jfr.jar;C:\Program Files\Java\jre1.8.0_202\classes"/>
    <property name="user.script" value=""/>
    <property name="sun.management.compiler" value="HotSpot 64-Bit Tiered Compilers"/>
    <property name="java.runtime.version" value="1.8.0_202-b08"/>
    <property name="user.name" value="Sanjay"/>
    <property name="path.separator" value=";"/>
    <property name="os.version" value="10.0"/>
    <property name="java.endorsed.dirs" value="C:\Program Files\Java\jre1.8.0_202\lib\endorsed"/>
    <property name="java.runtime.name" value="Java(TM) SE Runtime Environment"/>
    <property name="file.encoding" value="Cp1252"/>
    <property name="java.vm.name" value="Java HotSpot(TM) 64-Bit Server VM"/>
    <property name="localRepository" value="C:\Users\Sanjay\.m2\repository"/>
    <property name="java.vendor.url.bug" value="http://bugreport.sun.com/bugreport/"/>
    <property name="java.io.tmpdir" value="C:\Users\Sanjay\AppData\Local\Temp\"/>
    <property name="java.version" value="1.8.0_202"/>
    <property name="user.dir" value="C:\Users\Sanjay\eclipse-workspace\Sample_Maven_Project"/>
    <property name="os.arch" value="amd64"/>
    <property name="java.vm.specification.name" value="Java Virtual Machine Specification"/>
    <property name="java.awt.printerjob" value="sun.awt.windows.WPrinterJob"/>
    <property name="sun.os.patch.level" value=""/>
    <property name="java.library.path" value="C:\Program Files\Java\jre1.8.0_202\bin;C:\WINDOWS\Sun\Java\bin;C:\WINDOWS\system32;C:\WINDOWS;C:\Program Files (x86)\Common Files\Oracle\Java\javapath;D:\oracle\product\10.2.0\db_1\bin;C:\WINDOWS\system32;C:\WINDOWS;C:\WINDOWS\System32\Wbem;C:\WINDOWS\System32\WindowsPowerShell\v1.0\;C:\Program Files (x86)\Autodesk\Backburner\;C:\Program Files\Common Files\Autodesk Shared\;C:\WINDOWS\System32\OpenSSH\;C:\Program Files\Java\jdk1.8.0_202\bin;D:\demo.html\apache-maven-3.8.6-bin\apache-maven-3.8.6\bin;C:\Users\Sanjay\AppData\Local\Microsoft\WindowsApps;C:\Users\Sanjay\AppData\Local\Programs\Microsoft VS Code\bin;."/>
    <property name="java.vm.info" value="mixed mode"/>
    <property name="java.vendor" value="Oracle Corporation"/>
    <property name="java.vm.version" value="25.202-b08"/>
    <property name="java.ext.dirs" value="C:\Program Files\Java\jre1.8.0_202\lib\ext;C:\WINDOWS\Sun\Java\lib\ext"/>
    <property name="sun.io.unicode.encoding" value="UnicodeLittle"/>
    <property name="java.class.version" value="52.0"/>
  </properties>
  <testcase name="TC01" classname="sample.DWS_SearchTest" time="45.314">
    <system-err><![CDATA[Starting ChromeDriver 106.0.5249.61 (511755355844955cd3e264779baf0dd38212a4d0-refs/branch-heads/5249@{#569}) on port 36919
Only local connections are allowed.
Please see https://chromedriver.chromium.org/security-considerations for suggestions on keeping ChromeDriver safe.
ChromeDriver was started successfully.
[1668751904.580][WARNING]: This version of ChromeDriver has not been tested with Chrome version 107.
Nov 18, 2022 11:41:47 AM org.openqa.selenium.remote.ProtocolHandshake createSession
INFO: Detected dialect: W3C
]]></system-err>
  </testcase>
  <testcase name="Demo" classname="sample.MavenDemoTest" time="0.004">
    <system-out><![CDATA[Welcome to Maven
]]></system-out>
  </testcase>
  <testcase name="reg" classname="sample.RegisterTest" time="14.283">
    <system-err><![CDATA[Starting ChromeDriver 106.0.5249.61 (511755355844955cd3e264779baf0dd38212a4d0-refs/branch-heads/5249@{#569}) on port 26279
Only local connections are allowed.
Please see https://chromedriver.chromium.org/security-considerations for suggestions on keeping ChromeDriver safe.
ChromeDriver was started successfully.
[1668751927.611][WARNING]: This version of ChromeDriver has not been tested with Chrome version 107.
Nov 18, 2022 11:42:09 AM org.openqa.selenium.remote.ProtocolHandshake createSession
INFO: Detected dialect: W3C
]]></system-err>
  </testcase>
</testsuite>