<?xml version="1.0" encoding="UTF-8"?>
<!-- Generated by org.testng.reporters.JUnitReportReporter -->
<testsuite skipped="0" hostname="DESKTOP-770O1EP" name="sample.RegisterTest" tests="1" failures="0" timestamp="2022-11-18T11:42:17 IST" time="14.286" errors="0">
  <testcase name="reg" time="14.286" classname="sample.RegisterTest"/>
  <system-out/>
</testsuite> <!-- sample.RegisterTest -->
