<?xml version="1.0" encoding="UTF-8"?>
<!-- Generated by org.testng.reporters.JUnitReportReporter -->
<testsuite skipped="0" hostname="DESKTOP-770O1EP" name="sample.DWS_SearchTest" tests="1" failures="0" timestamp="2022-11-18T11:42:17 IST" time="45.308" errors="0">
  <testcase name="TC01" time="45.308" classname="sample.DWS_SearchTest"/>
  <system-out/>
</testsuite> <!-- sample.DWS_SearchTest -->
