<?xml version="1.0" encoding="UTF-8"?>
<!-- Generated by org.testng.reporters.JUnitReportReporter -->
<testsuite skipped="0" hostname="DESKTOP-770O1EP" name="sample.MavenDemoTest" tests="1" failures="0" timestamp="2022-11-18T11:42:17 IST" time="0.000" errors="0">
  <testcase name="Demo" time="0.000" classname="sample.MavenDemoTest"/>
  <system-out/>
</testsuite> <!-- sample.MavenDemoTest -->
